2019.03.27, 01:40:45.0024 UTC -> data 5.725677
2019.03.27, 01:40:45.0072 UTC -> data 1.060661
2019.03.27, 01:40:45.0123 UTC -> data 5.722878
2019.03.27, 01:40:45.0175 UTC -> data 0.551201
2019.03.27, 01:40:45.0227 UTC -> data 2.891632
2019.03.27, 01:40:45.0277 UTC -> data 8.078392
2019.03.27, 01:40:45.0328 UTC -> data 1.716690
2019.03.27, 01:40:45.0379 UTC -> data 0.597824
2019.03.27, 01:40:45.0430 UTC -> data 1.144135
2019.03.27, 01:40:45.0480 UTC -> data 1.784622
2019.03.27, 01:40:45.0533 UTC -> data 2.296219
2019.03.27, 01:40:45.0581 UTC -> data 0.543365
2019.03.27, 01:40:45.0632 UTC -> data 3.463600
2019.03.27, 01:40:45.0686 UTC -> data 0.015320
2019.03.27, 01:40:45.0737 UTC -> data 2.870895
2019.03.27, 01:40:45.0786 UTC -> data 1.203018
2019.03.27, 01:40:45.0840 UTC -> data 1.731949
2019.03.27, 01:40:45.0889 UTC -> data 5.163589
2019.03.27, 01:40:45.0940 UTC -> data 0.000000
2019.03.27, 01:40:45.0990 UTC -> data 2.880661
2019.03.27, 01:40:46.0041 UTC -> data 6.379852
2019.03.27, 01:40:46.0092 UTC -> data 1.159729
2019.03.27, 01:40:46.0142 UTC -> data 2.865891
2019.03.27, 01:40:46.0193 UTC -> data 3.448143
2019.03.27, 01:40:46.0244 UTC -> data 1.724030
2019.03.27, 01:40:46.0296 UTC -> data 1.731918
2019.03.27, 01:40:46.0348 UTC -> data 6.994003
2019.03.27, 01:40:46.0400 UTC -> data 0.483276
2019.03.27, 01:40:46.0452 UTC -> data 7.494667
2019.03.27, 01:40:46.0500 UTC -> data 1.731903
2019.03.27, 01:40:46.0551 UTC -> data 1.182526
2019.03.27, 01:40:46.0603 UTC -> data 4.036163
2019.03.27, 01:40:46.0652 UTC -> data 2.324615
2019.03.27, 01:40:46.0702 UTC -> data 1.708412
2019.03.27, 01:40:46.0754 UTC -> data 5.825745
2019.03.27, 01:40:46.0807 UTC -> data 0.564087
2019.03.27, 01:40:46.0858 UTC -> data 4.046371
2019.03.27, 01:40:46.0909 UTC -> data 0.644028
2019.03.27, 01:40:46.0959 UTC -> data 4.041138
2019.03.27, 01:40:47.0010 UTC -> data 1.716553
2019.03.27, 01:40:47.0060 UTC -> data 1.103363
2019.03.27, 01:40:47.0111 UTC -> data 5.180084
2019.03.27, 01:40:47.0162 UTC -> data 2.894089
2019.03.27, 01:40:47.0213 UTC -> data 2.298820
2019.03.27, 01:40:47.0265 UTC -> data 6.919701
2019.03.27, 01:40:47.0317 UTC -> data 0.549118
2019.03.27, 01:40:47.0368 UTC -> data 0.030655
2019.03.27, 01:40:47.0418 UTC -> data 5.756966
2019.03.27, 01:40:47.0469 UTC -> data 5.756966
2019.03.27, 01:40:47.0519 UTC -> data 1.126450
2019.03.27, 01:40:47.0570 UTC -> data 0.604828
2019.03.27, 01:40:47.0621 UTC -> data 0.584930
2019.03.27, 01:40:47.0672 UTC -> data 6.896584
2019.03.27, 01:40:47.0724 UTC -> data 4.631088
2019.03.27, 01:40:47.0777 UTC -> data 3.486816
2019.03.27, 01:40:47.0826 UTC -> data 0.608200
2019.03.27, 01:40:47.0877 UTC -> data 4.071396
2019.03.27, 01:40:47.0928 UTC -> data 2.340286
2019.03.27, 01:40:47.0978 UTC -> data 1.144485
2019.03.27, 01:40:48.0031 UTC -> data 0.015457
2019.03.27, 01:40:48.0083 UTC -> data 1.171799
2019.03.27, 01:40:48.0132 UTC -> data 2.852638
2019.03.27, 01:40:48.0183 UTC -> data 1.670395
2019.03.27, 01:40:48.0234 UTC -> data 1.032654
2019.03.27, 01:40:48.0285 UTC -> data 2.865997
2019.03.27, 01:40:48.0336 UTC -> data 3.486343
2019.03.27, 01:40:48.0387 UTC -> data 5.695099
2019.03.27, 01:40:48.0437 UTC -> data 6.280220
2019.03.27, 01:40:48.0489 UTC -> data 5.210480
2019.03.27, 01:40:48.0543 UTC -> data 1.105515
2019.03.27, 01:40:48.0590 UTC -> data 3.448166
2019.03.27, 01:40:48.0642 UTC -> data 1.193504
2019.03.27, 01:40:48.0693 UTC -> data 0.508377
2019.03.27, 01:40:48.0744 UTC -> data 6.904068
2019.03.27, 01:40:48.0795 UTC -> data 2.324158
2019.03.27, 01:40:48.0846 UTC -> data 1.709167
2019.03.27, 01:40:48.0900 UTC -> data 1.822739
2019.03.27, 01:40:48.0948 UTC -> data 5.240829
2019.03.27, 01:40:48.0997 UTC -> data 2.346863
2019.03.27, 01:40:49.0049 UTC -> data 7.473915
2019.03.27, 01:40:49.0102 UTC -> data 2.878860
2019.03.27, 01:40:49.0153 UTC -> data 10.367546
2019.03.27, 01:40:49.0203 UTC -> data 0.592590
2019.03.27, 01:40:49.0254 UTC -> data 2.296051
2019.03.27, 01:40:49.0305 UTC -> data 2.265015
2019.03.27, 01:40:49.0355 UTC -> data 9.221680
2019.03.27, 01:40:49.0407 UTC -> data 0.574677
2019.03.27, 01:40:49.0459 UTC -> data 1.716553
2019.03.27, 01:40:49.0508 UTC -> data 4.066422
2019.03.27, 01:40:49.0561 UTC -> data 0.091934
2019.03.27, 01:40:49.0611 UTC -> data 1.106552
2019.03.27, 01:40:49.0662 UTC -> data 0.091934
2019.03.27, 01:40:49.0713 UTC -> data 0.023727
2019.03.27, 01:40:49.0765 UTC -> data 2.268036
2019.03.27, 01:40:49.0816 UTC -> data 8.080414
2019.03.27, 01:40:49.0869 UTC -> data 5.209717
2019.03.27, 01:40:49.0918 UTC -> data 1.784515
2019.03.27, 01:40:49.0969 UTC -> data 0.587402
2019.03.27, 01:40:50.0019 UTC -> data 0.007599
2019.03.27, 01:40:50.0071 UTC -> data 4.615952
2019.03.27, 01:40:50.0121 UTC -> data 5.218025
2019.03.27, 01:40:50.0171 UTC -> data 2.283493
2019.03.27, 01:40:50.0222 UTC -> data 3.447868
2019.03.27, 01:40:50.0273 UTC -> data 6.361351
2019.03.27, 01:40:50.0325 UTC -> data 0.604828
2019.03.27, 01:40:50.0374 UTC -> data 4.653168
2019.03.27, 01:40:50.0426 UTC -> data 0.582542
2019.03.27, 01:40:50.0478 UTC -> data 7.488548
2019.03.27, 01:40:50.0529 UTC -> data 3.538391
2019.03.27, 01:40:50.0580 UTC -> data 1.164932
2019.03.27, 01:40:50.0632 UTC -> data 5.741554
2019.03.27, 01:40:50.0681 UTC -> data 1.755409
2019.03.27, 01:40:50.0733 UTC -> data 1.205170
2019.03.27, 01:40:50.0783 UTC -> data 4.051163
2019.03.27, 01:40:50.0835 UTC -> data 0.030930
2019.03.27, 01:40:50.0885 UTC -> data 3.455917
2019.03.27, 01:40:50.0938 UTC -> data 0.569641
2019.03.27, 01:40:50.0988 UTC -> data 5.202667
2019.03.27, 01:40:51.0038 UTC -> data 2.303879
2019.03.27, 01:40:51.0090 UTC -> data 6.355606
2019.03.27, 01:40:51.0141 UTC -> data 4.015442
2019.03.27, 01:40:51.0191 UTC -> data 1.120522
2019.03.27, 01:40:51.0242 UTC -> data 2.254730
2019.03.27, 01:40:51.0293 UTC -> data 2.373779
2019.03.27, 01:40:51.0346 UTC -> data 1.164673
2019.03.27, 01:40:51.0396 UTC -> data 2.369003
2019.03.27, 01:40:51.0448 UTC -> data 5.180725
2019.03.27, 01:40:51.0500 UTC -> data 1.761658
2019.03.27, 01:40:51.0551 UTC -> data 4.024902
2019.03.27, 01:40:51.0601 UTC -> data 0.007599
2019.03.27, 01:40:51.0652 UTC -> data 4.643951
2019.03.27, 01:40:51.0701 UTC -> data 0.513763
2019.03.27, 01:40:51.0753 UTC -> data 4.626007
2019.03.27, 01:40:51.0803 UTC -> data 3.416809
2019.03.27, 01:40:51.0855 UTC -> data 2.304153
2019.03.27, 01:40:51.0906 UTC -> data 4.030281
2019.03.27, 01:40:51.0957 UTC -> data 3.448357
2019.03.27, 01:40:52.0009 UTC -> data 2.425140
2019.03.27, 01:40:52.0058 UTC -> data 1.154541
2019.03.27, 01:40:52.0111 UTC -> data 2.819092
2019.03.27, 01:40:52.0160 UTC -> data 6.350357
2019.03.27, 01:40:52.0212 UTC -> data 3.455948
2019.03.27, 01:40:52.0264 UTC -> data 1.134354
2019.03.27, 01:40:52.0315 UTC -> data 1.747086
2019.03.27, 01:40:52.0365 UTC -> data 1.731796
2019.03.27, 01:40:52.0416 UTC -> data 1.731827
2019.03.27, 01:40:52.0467 UTC -> data 2.273376
2019.03.27, 01:40:52.0517 UTC -> data 0.564438
2019.03.27, 01:40:52.0569 UTC -> data 2.326294
2019.03.27, 01:40:52.0619 UTC -> data 5.740448
2019.03.27, 01:40:52.0670 UTC -> data 4.043701
2019.03.27, 01:40:52.0721 UTC -> data 1.731812
2019.03.27, 01:40:52.0774 UTC -> data 0.530746
2019.03.27, 01:40:52.0825 UTC -> data 2.262756
2019.03.27, 01:40:52.0876 UTC -> data 0.022202
2019.03.27, 01:40:52.0925 UTC -> data 5.187164
2019.03.27, 01:40:52.0976 UTC -> data 0.000000
2019.03.27, 01:40:53.0028 UTC -> data 2.845718
2019.03.27, 01:40:53.0078 UTC -> data 1.747467
2019.03.27, 01:40:53.0131 UTC -> data 0.060745
2019.03.27, 01:40:53.0184 UTC -> data 1.187759
2019.03.27, 01:40:53.0234 UTC -> data 7.478996
2019.03.27, 01:40:53.0285 UTC -> data 7.510338
2019.03.27, 02:05:26.0954 UTC -> data 1.404861
2019.03.27, 02:05:27.0004 UTC -> data 3.440643
2019.03.27, 02:05:27.0054 UTC -> data 7.484177
2019.03.27, 02:05:27.0103 UTC -> data 1.118622
2019.03.27, 02:05:27.0154 UTC -> data 0.161362
2019.03.27, 02:05:27.0206 UTC -> data 1.058014
2019.03.27, 02:05:27.0258 UTC -> data 1.072189
2019.03.27, 02:05:27.0308 UTC -> data 6.949722
2019.03.27, 02:05:27.0359 UTC -> data 4.605972
2019.03.27, 02:05:27.0411 UTC -> data 3.507690
2019.03.27, 02:05:27.0462 UTC -> data 2.891296
2019.03.27, 02:05:27.0516 UTC -> data 0.587173
2019.03.27, 02:05:27.0564 UTC -> data 1.141785
2019.03.27, 02:05:27.0615 UTC -> data 1.716766
2019.03.27, 02:05:27.0665 UTC -> data 2.299484
2019.03.27, 02:05:27.0716 UTC -> data 1.731064
2019.03.27, 02:05:27.0767 UTC -> data 4.053101
2019.03.27, 02:05:27.0818 UTC -> data 1.799088
2019.03.27, 02:05:27.0868 UTC -> data 1.240997
2019.03.27, 02:05:27.0921 UTC -> data 2.306763
2019.03.27, 02:05:27.0973 UTC -> data 0.196503
2019.03.27, 02:05:28.0022 UTC -> data 6.330215
2019.03.27, 02:05:28.0073 UTC -> data 6.491577
2019.03.27, 02:05:28.0124 UTC -> data 2.866348
2019.03.27, 02:05:28.0177 UTC -> data 0.631287
2019.03.27, 02:05:28.0229 UTC -> data 1.738602
2019.03.27, 02:05:28.0281 UTC -> data 1.731171
2019.03.27, 02:05:29.0568 UTC -> data 0.569901
2019.03.27, 02:05:29.0575 UTC -> data 6.3246000.5628514.5479748.0937650.1767731.1873328.6660311.6141510.6113741.8651127.4324260.0075233.4179695.2251132.8518520.5920266.2734076.9424295.7872472.3815610.4594731.7697301.1594855.196060
2019.03.27, 02:05:29.0603 UTC -> data 5.787247
2019.03.27, 02:05:29.0654 UTC -> data 1.723831
2019.03.27, 02:05:29.0706 UTC -> data 2.396667
2019.03.27, 02:05:29.0758 UTC -> data 0.044983
2019.03.27, 02:05:29.0808 UTC -> data 0.494125
2019.03.27, 02:05:29.0859 UTC -> data 1.147049
2019.03.27, 02:05:29.0909 UTC -> data 2.902206
2019.03.27, 02:05:29.0960 UTC -> data 2.269394
2019.03.27, 02:05:30.0013 UTC -> data 4.550980
2019.03.27, 02:05:30.0061 UTC -> data 3.498550
2019.03.27, 02:05:30.0115 UTC -> data 2.945770
2019.03.27, 02:05:30.0165 UTC -> data 6.859283
2019.03.27, 02:05:30.0216 UTC -> data 1.657349
2019.03.27, 02:05:30.0267 UTC -> data 1.256317
2019.03.27, 02:05:30.0318 UTC -> data 0.591644
2019.03.27, 02:05:30.0369 UTC -> data 2.268112
2019.03.27, 02:05:30.0421 UTC -> data 4.671036
2019.03.27, 02:05:30.0470 UTC -> data 2.156479
2019.03.27, 02:05:30.0521 UTC -> data 1.761490
2019.03.27, 02:05:30.0573 UTC -> data 2.395554
2019.03.27, 02:05:30.0625 UTC -> data 2.284164
2019.03.27, 02:05:30.0675 UTC -> data 3.020737
2019.03.27, 02:05:30.0726 UTC -> data 3.907547
2019.03.27, 02:05:30.0779 UTC -> data 1.642548
2019.03.27, 02:05:30.0828 UTC -> data 2.755859
2019.03.27, 02:05:30.0880 UTC -> data 1.789673
2019.03.27, 02:05:30.0929 UTC -> data 1.688110
2019.03.27, 02:05:30.0980 UTC -> data 6.934937
2019.03.27, 02:05:31.0034 UTC -> data 1.287292
2019.03.27, 02:05:31.0085 UTC -> data 0.587265
2019.03.27, 02:05:31.0136 UTC -> data 0.589813
2019.03.27, 02:05:31.0187 UTC -> data 0.717224
2019.03.27, 02:05:31.0235 UTC -> data 1.149612
2019.03.27, 02:05:31.0287 UTC -> data 1.342361
2019.03.27, 02:05:31.0338 UTC -> data 6.337372
2019.03.27, 02:05:31.0391 UTC -> data 2.268204
2019.03.27, 02:05:31.0438 UTC -> data 1.769135
2019.03.27, 02:05:31.0490 UTC -> data 1.746704
2019.03.27, 02:05:31.0543 UTC -> data 1.839691
2019.03.27, 02:05:31.0593 UTC -> data 2.935410
2019.03.27, 02:05:31.0643 UTC -> data 1.760468
2019.03.27, 02:05:31.0695 UTC -> data 0.118301
2019.03.27, 02:05:31.0747 UTC -> data 2.924759
2019.03.27, 02:05:31.0797 UTC -> data 1.272491
2019.03.27, 02:05:31.0850 UTC -> data 1.702179
2019.03.27, 02:05:31.0900 UTC -> data 0.616119
2019.03.27, 02:05:31.0948 UTC -> data 0.066589
2019.03.27, 02:05:32.0000 UTC -> data 6.949173
2019.03.27, 02:05:32.0050 UTC -> data 1.016586
2019.03.27, 02:05:32.0100 UTC -> data 2.327896
2019.03.27, 02:05:32.0153 UTC -> data 1.236603
2019.03.27, 02:05:32.0202 UTC -> data 1.782547
2019.03.27, 02:05:32.0256 UTC -> data 1.142197
2019.03.27, 02:05:32.0306 UTC -> data 1.125473
2019.03.27, 02:05:32.0357 UTC -> data 0.697418
2019.03.27, 02:05:32.0407 UTC -> data 1.184158
2019.03.27, 02:05:32.0459 UTC -> data 2.284866
2019.03.27, 02:05:32.0511 UTC -> data 3.568115
2019.03.27, 02:05:32.0560 UTC -> data 5.551025
2019.03.27, 02:05:32.0612 UTC -> data 5.275467
2019.03.27, 02:05:32.0663 UTC -> data 5.768250
2019.03.27, 02:05:32.0716 UTC -> data 1.716141
2019.03.27, 02:05:32.0765 UTC -> data 2.225891
2019.03.27, 02:05:32.0815 UTC -> data 6.912537
2019.03.27, 02:05:32.0869 UTC -> data 2.825180
2019.03.27, 02:05:32.0918 UTC -> data 0.000000
2019.03.27, 02:05:32.0968 UTC -> data 0.112411
2019.03.27, 02:05:33.0020 UTC -> data 4.628326
2019.03.27, 02:05:33.0070 UTC -> data 5.134964
2019.03.27, 02:05:33.0121 UTC -> data 0.154037
2019.03.27, 02:05:33.0173 UTC -> data 2.330109
2019.03.27, 02:05:33.0224 UTC -> data 1.179733
2019.03.27, 02:05:33.0275 UTC -> data 0.569550
2019.03.27, 02:05:33.0327 UTC -> data 3.947617
2019.03.27, 02:05:33.0377 UTC -> data 0.479507
2019.03.27, 02:05:33.0427 UTC -> data 1.687241
2019.03.27, 02:05:33.0478 UTC -> data 1.695084
2019.03.27, 02:05:33.0529 UTC -> data 5.150681
2019.03.27, 02:05:33.0581 UTC -> data 4.513336
2019.03.27, 02:05:33.0634 UTC -> data 5.149673
2019.03.27, 02:05:33.0683 UTC -> data 6.317291
2019.03.27, 02:05:33.0734 UTC -> data 7.492355
2019.03.27, 02:05:33.0784 UTC -> data 0.681366
2019.03.27, 02:05:33.0835 UTC -> data 2.947128
2019.03.27, 02:05:33.0886 UTC -> data 2.898697
2019.03.27, 02:05:33.0937 UTC -> data 1.216568
2019.03.27, 02:05:33.0988 UTC -> data 2.323425
2019.03.27, 02:05:34.0042 UTC -> data 6.362350
2019.03.27, 02:05:34.0091 UTC -> data 2.804504
2019.03.27, 02:05:34.0142 UTC -> data 2.297867
2019.03.27, 02:05:34.0193 UTC -> data 2.895950
2019.03.27, 02:05:34.0244 UTC -> data 0.029984
2019.03.27, 02:05:34.0295 UTC -> data 2.318069
2019.03.27, 02:05:34.0347 UTC -> data 6.351868
2019.03.27, 02:05:34.0398 UTC -> data 4.698486
2019.03.27, 02:05:34.0449 UTC -> data 1.914886
2019.03.27, 02:05:34.0498 UTC -> data 3.008118
2019.03.27, 02:05:34.0550 UTC -> data 4.038681
2019.03.27, 02:05:34.0603 UTC -> data 1.161697
2019.03.27, 02:05:34.0654 UTC -> data 7.562958
2019.03.27, 02:05:34.0705 UTC -> data 5.210648
2019.03.27, 02:05:34.0757 UTC -> data 3.448914
2019.03.27, 02:05:34.0804 UTC -> data 1.137329
2019.03.27, 02:05:34.0855 UTC -> data 0.960754
2019.03.27, 02:05:34.0906 UTC -> data 3.521149
2019.03.27, 02:05:34.0959 UTC -> data 0.155289
2019.03.27, 02:05:35.0009 UTC -> data 2.309113
2019.03.27, 02:05:35.0059 UTC -> data 6.956406
2019.03.27, 02:05:35.0112 UTC -> data 2.878998
2019.03.27, 02:05:35.0162 UTC -> data 1.190994
2019.03.27, 02:05:35.0212 UTC -> data 4.065201
2019.03.27, 02:05:35.0263 UTC -> data 0.562210
2019.03.27, 02:05:35.0315 UTC -> data 2.863327
2019.03.27, 02:05:35.0365 UTC -> data 2.819046
2019.03.27, 02:05:35.0419 UTC -> data 1.164307
2019.03.27, 02:05:35.0468 UTC -> data 2.350647
2019.03.27, 02:05:35.0519 UTC -> data 0.704773
2019.03.27, 02:05:35.0570 UTC -> data 4.040527
2019.03.27, 02:05:35.0621 UTC -> data 2.850021
2019.03.27, 02:05:35.0672 UTC -> data 6.904694
2019.03.27, 02:05:35.0722 UTC -> data 3.995468
2019.03.27, 02:05:35.0773 UTC -> data 1.812317
2019.03.27, 02:05:35.0823 UTC -> data 0.029114
2019.03.27, 02:05:35.0875 UTC -> data 4.092941
2019.03.27, 02:05:35.0928 UTC -> data 1.149673
2019.03.27, 02:05:35.0981 UTC -> data 3.478577
2019.03.27, 02:05:36.0029 UTC -> data 1.085876
2019.03.27, 02:05:36.0079 UTC -> data 0.483612
2019.03.27, 02:05:36.0131 UTC -> data 0.402191
2019.03.27, 02:05:36.0181 UTC -> data 0.044403
2019.03.27, 02:05:36.0234 UTC -> data 2.844055
2019.03.27, 02:05:36.0283 UTC -> data 6.354843
2019.03.27, 02:05:36.0357 UTC -> data 1.164047
2019.03.27, 02:05:36.0388 UTC -> data 8.644638
2019.03.27, 02:05:36.0443 UTC -> data 1.139069
2019.03.27, 02:05:36.0490 UTC -> data 2.264664
2019.03.27, 02:05:36.0539 UTC -> data 5.188248
2019.03.27, 02:05:36.0590 UTC -> data 4.055099
2019.03.27, 02:05:36.0640 UTC -> data 1.134949
2019.03.27, 02:05:36.0691 UTC -> data 3.823349
2019.03.27, 02:05:36.0742 UTC -> data 3.471191
2019.03.27, 02:05:36.0792 UTC -> data 4.018860
2019.03.27, 02:05:36.0845 UTC -> data 1.866837
2019.03.27, 02:05:36.0896 UTC -> data 0.591644
2019.03.27, 02:05:36.0948 UTC -> data 2.814865
2019.03.27, 02:05:36.0998 UTC -> data 1.201569
2019.03.27, 02:05:37.0050 UTC -> data 1.163818
2019.03.27, 02:05:37.0099 UTC -> data 4.627701
2019.03.27, 02:05:37.0152 UTC -> data 0.562210
2019.03.27, 02:05:37.0201 UTC -> data 1.016586
2019.03.27, 02:05:37.0252 UTC -> data 3.440216
2019.03.27, 02:05:37.0305 UTC -> data 2.759644
2019.03.27, 02:05:37.0355 UTC -> data 1.011902
2019.03.27, 02:05:37.0407 UTC -> data 3.395889
2019.03.27, 02:05:37.0457 UTC -> data 1.202652
2019.03.27, 02:05:37.0507 UTC -> data 2.764725
2019.03.27, 02:05:37.0558 UTC -> data 3.008820
2019.03.27, 02:05:37.0608 UTC -> data 1.488937
2019.03.27, 02:05:37.0660 UTC -> data 1.761139
2019.03.27, 02:05:37.0713 UTC -> data 1.762070
2019.03.27, 02:05:37.0762 UTC -> data 7.467102
2019.03.27, 02:05:37.0815 UTC -> data 1.074615
2019.03.27, 02:05:37.0865 UTC -> data 2.422226
2019.03.27, 02:05:37.0916 UTC -> data 1.769089
2019.03.27, 02:05:37.0967 UTC -> data 2.328339
2019.03.27, 02:05:38.0020 UTC -> data 0.661896
2019.03.27, 02:05:38.0072 UTC -> data 1.144684
2019.03.27, 02:05:38.0121 UTC -> data 6.333618
2019.03.27, 02:05:38.0174 UTC -> data 2.428085
2019.03.27, 02:05:38.0224 UTC -> data 4.146286
2019.03.27, 02:05:38.0275 UTC -> data 3.993729
2019.03.27, 02:05:38.0324 UTC -> data 4.676620
2019.03.27, 02:05:38.0374 UTC -> data 1.817703
2019.03.27, 02:05:38.0427 UTC -> data 4.657654
2019.03.27, 02:05:38.0477 UTC -> data 4.657669
2019.03.27, 02:05:38.0527 UTC -> data 6.955933
2019.03.27, 02:05:38.0580 UTC -> data 4.302338
2019.03.27, 02:05:38.0630 UTC -> data 3.500854
2019.03.27, 02:05:38.0681 UTC -> data 6.430405
2019.03.27, 02:05:38.0732 UTC -> data 4.065491
2019.03.27, 02:05:38.0784 UTC -> data 1.000641
2019.03.27, 02:05:38.0834 UTC -> data 2.926224
2019.03.27, 02:05:38.0885 UTC -> data 2.856567
2019.03.27, 02:05:38.0936 UTC -> data 1.731949
2019.03.27, 02:05:38.0986 UTC -> data 3.642685
2019.03.27, 02:05:39.0039 UTC -> data 5.782349
2019.03.27, 02:05:39.0090 UTC -> data 3.493500
2019.03.27, 02:05:39.0140 UTC -> data 5.784790
2019.03.27, 02:05:40.0566 UTC -> data 5.748077
2019.03.27, 02:05:40.0571 UTC -> data 0.0594641.7172850.0438390.6067051.0869291.0683591.0183412.3041840.5319670.0376284.6935731.7173315.2107395.2463991.7541501.6716920.4594421.1545560.5504007.5190730.0869294.0800323.3975521.2799220.6092837.5075536.905121
2019.03.27, 02:05:40.0619 UTC -> data 2.786636
2019.03.27, 02:05:40.0672 UTC -> data 5.195847
2019.03.27, 02:05:40.0723 UTC -> data 4.060181
2019.03.27, 02:05:40.0773 UTC -> data 1.041687
2019.03.27, 02:05:40.0825 UTC -> data 0.543182
2019.03.27, 02:05:40.0874 UTC -> data 2.323441
2019.03.27, 02:05:40.0925 UTC -> data 0.535767
2019.03.27, 02:05:40.0978 UTC -> data 1.124329
2019.03.27, 02:05:41.0027 UTC -> data 4.613724
2019.03.27, 02:05:41.0081 UTC -> data 4.661880
2019.03.27, 02:05:41.0132 UTC -> data 1.185852
2019.03.27, 02:05:41.0188 UTC -> data 0.642548
2019.03.27, 02:05:41.0234 UTC -> data 2.386566
2019.03.27, 02:05:41.0283 UTC -> data 1.575928
2019.03.27, 02:05:41.0336 UTC -> data 1.746948
2019.03.27, 02:05:41.0387 UTC -> data 2.268738
2019.03.27, 02:05:41.0437 UTC -> data 6.352936
2019.03.27, 02:05:41.0488 UTC -> data 2.898697
2019.03.27, 02:05:41.0542 UTC -> data 3.446991
2019.03.27, 02:05:41.0591 UTC -> data 4.157272
2019.03.27, 02:05:41.0641 UTC -> data 8.045929
2019.03.27, 02:05:41.0691 UTC -> data 3.882751
2019.03.27, 02:05:41.0742 UTC -> data 2.346390
2019.03.27, 02:05:41.0793 UTC -> data 1.147247
2019.03.27, 02:05:41.0846 UTC -> data 7.494141
2019.03.27, 02:05:41.0895 UTC -> data 6.362061
2019.03.27, 02:05:41.0945 UTC -> data 7.474350
2019.03.27, 02:05:41.0997 UTC -> data 1.144821
2019.03.27, 02:05:42.0047 UTC -> data 2.308578
2019.03.27, 02:05:43.0045 UTC -> data 0.6134341.5529635.6361086.9272925.1958621.1471101.1986241.1392972.3652505.1728820.5923315.1960602.8178250.6065373.8474120.4721980.5698701.1621861.016586
2019.03.27, 02:05:43.0069 UTC -> data 1.217209
2019.03.27, 02:05:43.0119 UTC -> data 1.724457
2019.03.27, 02:05:43.0176 UTC -> data 1.284668
2019.03.27, 02:05:43.0220 UTC -> data 6.350128
2019.03.27, 02:05:43.0271 UTC -> data 1.048935
2019.03.27, 02:07:59.0534 UTC -> data 3.535690
2019.03.27, 02:07:59.0581 UTC -> data 1.746201
2019.03.27, 02:07:59.0636 UTC -> data 1.127411
2019.03.27, 02:07:59.0684 UTC -> data 0.087631
2019.03.27, 02:07:59.0733 UTC -> data 2.881699
2019.03.27, 02:07:59.0786 UTC -> data 0.000000
2019.03.27, 02:07:59.0837 UTC -> data 4.572937
2019.03.27, 02:07:59.0887 UTC -> data 2.299118
2019.03.27, 02:07:59.0938 UTC -> data 6.402756
2019.03.27, 02:07:59.0989 UTC -> data 2.881378
2019.03.27, 02:08:00.0040 UTC -> data 1.179733
2019.03.27, 02:08:00.0092 UTC -> data 2.842911
2019.03.27, 02:08:00.0143 UTC -> data 2.363037
2019.03.27, 02:08:00.0193 UTC -> data 4.087540
2019.03.27, 02:08:00.0245 UTC -> data 2.890656
2019.03.27, 02:08:00.0297 UTC -> data 2.229156
2019.03.27, 02:08:00.0347 UTC -> data 5.760239
2019.03.27, 02:08:00.0397 UTC -> data 5.173080
2019.03.27, 02:08:00.0448 UTC -> data 0.667068
2019.03.27, 02:08:00.0500 UTC -> data 0.664749
2019.03.27, 02:08:00.0550 UTC -> data 1.201172
2019.03.27, 02:08:00.0600 UTC -> data 4.104584
2019.03.27, 02:08:00.0651 UTC -> data 1.186432
2019.03.27, 02:08:00.0704 UTC -> data 2.930588
2019.03.27, 02:08:00.0754 UTC -> data 5.750076
2019.03.27, 02:08:00.0805 UTC -> data 0.030655
2019.03.27, 02:08:00.0857 UTC -> data 4.008377
2019.03.27, 02:08:00.0909 UTC -> data 1.672119
2019.03.27, 02:08:00.0958 UTC -> data 1.737854
2019.03.27, 02:08:01.0009 UTC -> data 1.101852
2019.03.27, 02:08:01.0062 UTC -> data 1.236740
2019.03.27, 02:08:01.0110 UTC -> data 1.372345
2019.03.27, 02:08:01.0163 UTC -> data 2.960999
2019.03.27, 02:08:01.0214 UTC -> data 2.876770
2019.03.27, 02:08:01.0267 UTC -> data 1.731659
2019.03.27, 02:08:01.0318 UTC -> data 2.428253
2019.03.27, 02:08:01.0368 UTC -> data 2.934814
2019.03.27, 02:08:01.0420 UTC -> data 2.912842
2019.03.27, 02:08:01.0467 UTC -> data 1.107788
2019.03.27, 02:08:01.0520 UTC -> data 1.126831
2019.03.27, 02:08:01.0571 UTC -> data 2.171265
2019.03.27, 02:08:01.0623 UTC -> data 5.806854
2019.03.27, 02:08:01.0673 UTC -> data 2.143494
2019.03.27, 02:08:01.0724 UTC -> data 4.015793
2019.03.27, 02:08:01.0776 UTC -> data 0.572342
2019.03.27, 02:08:01.0826 UTC -> data 4.689682
2019.03.27, 02:08:01.0877 UTC -> data 3.485596
2019.03.27, 02:08:01.0927 UTC -> data 3.388412
2019.03.27, 02:08:01.0980 UTC -> data 6.912628
2019.03.27, 02:08:02.0029 UTC -> data 2.774338
2019.03.27, 02:08:02.0081 UTC -> data 1.134888
2019.03.27, 02:08:02.0135 UTC -> data 0.687485
2019.03.27, 02:08:02.0183 UTC -> data 1.270996
2019.03.27, 02:08:02.0234 UTC -> data 4.655762
2019.03.27, 02:08:02.0287 UTC -> data 0.007523
2019.03.27, 02:08:02.0335 UTC -> data 0.556824
2019.03.27, 02:08:02.0385 UTC -> data 9.777771
2019.03.27, 02:08:02.0438 UTC -> data 4.625992
2019.03.27, 02:08:02.0489 UTC -> data 2.946976
2019.03.27, 02:08:02.0540 UTC -> data 5.777634
2019.03.27, 02:08:02.0595 UTC -> data 1.538040
2019.03.27, 02:08:02.0642 UTC -> data 6.359467
2019.03.27, 02:08:02.0692 UTC -> data 0.552216
2019.03.27, 02:08:02.0745 UTC -> data 0.584549
2019.03.27, 02:08:02.0798 UTC -> data 1.084854
2019.03.27, 02:08:02.0845 UTC -> data 1.650574
2019.03.27, 02:08:02.0896 UTC -> data 2.835388
2019.03.27, 02:08:02.0948 UTC -> data 4.161545
2019.03.27, 02:08:03.0001 UTC -> data 2.279251
2019.03.27, 02:08:03.0052 UTC -> data 4.062271
2019.03.27, 02:08:03.0103 UTC -> data 0.030106
2019.03.27, 02:08:03.0154 UTC -> data 5.155663
2019.03.27, 02:08:03.0202 UTC -> data 0.664200
2019.03.27, 02:08:03.0254 UTC -> data 4.050720
2019.03.27, 02:08:03.0304 UTC -> data 1.731918
2019.03.27, 02:08:03.0355 UTC -> data 1.761002
2019.03.27, 02:08:03.0406 UTC -> data 1.114883
2019.03.27, 02:08:03.0457 UTC -> data 2.891296
2019.03.27, 02:08:03.0508 UTC -> data 3.528442
2019.03.27, 02:08:03.0560 UTC -> data 2.893509
2019.03.27, 02:08:03.0610 UTC -> data 1.144424
2019.03.27, 02:08:03.0661 UTC -> data 0.528580
2019.03.27, 02:08:03.0712 UTC -> data 1.619904
2019.03.27, 02:08:03.0763 UTC -> data 5.787888
2019.03.27, 02:08:03.0815 UTC -> data 1.226517
2019.03.27, 02:08:03.0864 UTC -> data 1.018341
2019.03.27, 02:08:03.0917 UTC -> data 1.626450
2019.03.27, 02:08:03.0967 UTC -> data 7.466156
2019.03.27, 02:08:05.0276 UTC -> data 0.550400
2019.03.27, 02:08:05.0282 UTC -> data 5.1652371.1644290.0227814.7384344.5908662.1323550.5996092.9110574.6503306.3327332.8988650.6647491.2637332.6490330.0736853.4333950.5875243.3889923.3739783.4245911.1445472.8166350.0602262.896500
2019.03.27, 02:08:05.0294 UTC -> data 1.686035
2019.03.27, 02:08:05.0346 UTC -> data 5.678467
2019.03.27, 02:08:05.0396 UTC -> data 5.224579
2019.03.27, 02:08:05.0446 UTC -> data 4.550964
2019.03.27, 02:08:05.0497 UTC -> data 5.735596
2019.03.27, 02:08:05.0548 UTC -> data 1.105347
2019.03.27, 02:08:05.0599 UTC -> data 0.591965
2019.03.27, 02:08:05.0649 UTC -> data 0.646088
2019.03.27, 02:08:05.0701 UTC -> data 1.159607
2019.03.27, 02:08:05.0753 UTC -> data 2.873703
2019.03.27, 02:08:05.0807 UTC -> data 1.694717
2019.03.27, 02:08:05.0858 UTC -> data 1.068298
2019.03.27, 02:08:05.0907 UTC -> data 0.551895
2019.03.27, 02:08:05.0959 UTC -> data 0.029221
2019.03.27, 02:08:06.0008 UTC -> data 2.265152
2019.03.27, 02:08:06.0057 UTC -> data 2.338348
2019.03.27, 02:08:06.0113 UTC -> data 2.898865
2019.03.27, 02:08:06.0160 UTC -> data 4.598190
2019.03.27, 02:08:06.0213 UTC -> data 2.288696
2019.03.27, 02:08:06.0263 UTC -> data 3.410645
2019.03.27, 02:08:06.0314 UTC -> data 5.173065
2019.03.27, 02:08:06.0367 UTC -> data 1.745667
2019.03.27, 02:08:06.0415 UTC -> data 5.745544
2019.03.27, 02:08:06.0466 UTC -> data 1.754440
2019.03.27, 02:08:06.0517 UTC -> data 2.323608
2019.03.27, 02:08:06.0568 UTC -> data 3.463257
2019.03.27, 02:08:06.0618 UTC -> data 1.206329
2019.03.27, 02:08:06.0671 UTC -> data 5.173080
2019.03.27, 02:08:06.0721 UTC -> data 0.050919
2019.03.27, 02:08:06.0774 UTC -> data 0.519073
2019.03.27, 02:08:06.0823 UTC -> data 4.055145
2019.03.27, 02:08:06.0875 UTC -> data 3.486389
2019.03.27, 02:08:06.0926 UTC -> data 5.787430
2019.03.27, 02:08:06.0976 UTC -> data 1.753662
2019.03.27, 02:08:07.0026 UTC -> data 0.611801
2019.03.27, 02:08:07.0079 UTC -> data 5.774643
2019.03.27, 02:08:07.0131 UTC -> data 7.468658
2019.03.27, 02:08:07.0181 UTC -> data 5.188431
2019.03.27, 02:08:07.0231 UTC -> data 2.871109
2019.03.27, 02:08:07.0283 UTC -> data 2.954742
2019.03.27, 02:08:07.0333 UTC -> data 1.184097
2019.03.27, 02:08:07.0384 UTC -> data 2.321426
2019.03.27, 02:08:07.0434 UTC -> data 5.336273
2019.03.27, 02:08:07.0486 UTC -> data 3.523346
2019.03.27, 02:08:07.0539 UTC -> data 1.694489
2019.03.27, 02:08:07.0591 UTC -> data 5.759140
2019.03.27, 02:08:07.0640 UTC -> data 0.530792
2019.03.27, 02:08:07.0693 UTC -> data 0.043640
2019.03.27, 02:13:43.0098 UTC -> data 2.827408
2019.03.27, 02:13:43.0142 UTC -> data 1.686859
2019.03.27, 02:13:43.0195 UTC -> data 1.149323
2019.03.27, 02:13:43.0243 UTC -> data 0.597595
2019.03.27, 02:13:43.0295 UTC -> data 0.678757
2019.03.27, 02:13:43.0345 UTC -> data 1.200394
2019.03.27, 02:13:43.0395 UTC -> data 8.075134
2019.03.27, 02:13:43.0447 UTC -> data 1.124939
2019.03.27, 02:13:43.0497 UTC -> data 1.797958
2019.03.27, 02:13:43.0550 UTC -> data 5.195786
2019.03.27, 02:13:43.0601 UTC -> data 1.112122
2019.03.27, 02:13:43.0654 UTC -> data 0.642151
2019.03.27, 02:13:43.0737 UTC -> data 6.935333
2019.03.27, 02:13:43.0753 UTC -> data 0.028625
2019.03.27, 02:13:43.0805 UTC -> data 2.926224
2019.03.27, 02:13:43.0855 UTC -> data 2.214417
2019.03.27, 02:13:43.0908 UTC -> data 3.022720
2019.03.27, 02:13:43.0959 UTC -> data 2.279160
2019.03.27, 02:13:44.0009 UTC -> data 4.053635
2019.03.27, 02:13:44.0107 UTC -> data 3.427017
2019.03.27, 02:13:44.0114 UTC -> data 4.026459
2019.03.27, 02:13:44.0163 UTC -> data 4.105377
2019.03.27, 02:13:44.0213 UTC -> data 0.681503
2019.03.27, 02:13:44.0264 UTC -> data 1.149414
2019.03.27, 02:13:44.0316 UTC -> data 1.100494
2019.03.27, 02:13:44.0364 UTC -> data 8.659164
2019.03.27, 02:13:44.0416 UTC -> data 3.433517
2019.03.27, 02:13:44.0467 UTC -> data 5.180222
2019.03.27, 02:13:44.0516 UTC -> data 2.896057
2019.03.27, 02:13:44.0571 UTC -> data 3.395981
2019.03.27, 02:13:44.0620 UTC -> data 4.586197
2019.03.27, 02:13:44.0671 UTC -> data 3.388046
2019.03.27, 02:13:44.0723 UTC -> data 1.688110
2019.03.27, 02:13:44.0773 UTC -> data 0.161362
2019.03.27, 02:13:44.0823 UTC -> data 1.634338
2019.03.27, 02:13:44.0874 UTC -> data 2.299362
2019.03.27, 02:13:44.0925 UTC -> data 2.948456
2019.03.27, 02:13:44.0976 UTC -> data 0.007202
2019.03.27, 02:13:45.0030 UTC -> data 1.716766
2019.03.27, 02:13:45.0081 UTC -> data 4.689713
2019.03.27, 02:13:45.0131 UTC -> data 5.766296
2019.03.27, 02:13:45.0181 UTC -> data 4.033035
2019.03.27, 02:13:45.0232 UTC -> data 0.545532
2019.03.27, 02:13:45.0284 UTC -> data 0.476898
2019.03.27, 02:13:45.0334 UTC -> data 1.144547
2019.03.27, 02:13:45.0386 UTC -> data 0.627319
2019.03.27, 02:13:45.0436 UTC -> data 0.518219
2019.03.27, 02:13:45.0488 UTC -> data 3.492661
2019.03.27, 02:13:45.0538 UTC -> data 1.754211
2019.03.27, 02:13:45.0589 UTC -> data 1.142105
2019.03.27, 02:13:45.0642 UTC -> data 2.372955
2019.03.27, 02:13:45.0694 UTC -> data 2.254776
2019.03.27, 02:13:45.0744 UTC -> data 0.505753
2019.03.27, 02:13:45.0795 UTC -> data 6.849014
2019.03.27, 02:13:45.0843 UTC -> data 2.321564
2019.03.27, 02:13:45.0896 UTC -> data 2.826462
2019.03.27, 02:13:45.0947 UTC -> data 0.537079
2019.03.27, 02:13:45.0998 UTC -> data 1.095215
2019.03.27, 02:13:46.0049 UTC -> data 4.652725
2019.03.27, 02:13:46.0100 UTC -> data 6.912048
2019.03.27, 02:13:46.0150 UTC -> data 1.264557
2019.03.27, 02:13:46.0201 UTC -> data 0.061020
2019.03.27, 02:13:46.0251 UTC -> data 1.137085
2019.03.27, 02:13:46.0304 UTC -> data 0.496262
2019.03.27, 02:13:46.0352 UTC -> data 5.752869
2019.03.27, 02:21:41.0700 UTC -> data 1.244553
2019.03.27, 02:21:41.0739 UTC -> data 4.070358
2019.03.27, 02:21:43.0637 UTC -> data 3.410965
2019.03.27, 02:21:43.0643 UTC -> data 2.2796332.3103331.7023770.7136844.1311804.0660865.7709660.5968320.4113623.4252012.9624020.4646914.0350490.0146792.8688664.6084598.1588131.1377112.3387912.8642434.0310521.7975625.8124694.0597538.1321721.7678532.2666932.9552460.5724031.6720121.7316590.5946660.0674741.1444856.9124302.383682
2019.03.27, 02:21:43.0678 UTC -> data 1.195694
2019.03.27, 02:21:43.0728 UTC -> data 2.837982
2019.03.27, 02:21:43.0778 UTC -> data 4.666824
2019.03.27, 02:21:43.0830 UTC -> data 3.337189
2019.03.27, 02:21:43.0881 UTC -> data 1.311111
2019.03.27, 02:21:43.0937 UTC -> data 6.374359
2019.03.27, 02:21:43.0982 UTC -> data 3.537552
2019.03.27, 02:21:44.0034 UTC -> data 3.448898
2019.03.27, 02:21:44.0086 UTC -> data 4.026459
2019.03.27, 02:21:44.0136 UTC -> data 1.746704
2019.03.27, 02:21:44.0188 UTC -> data 9.166412
2019.03.27, 02:21:44.0237 UTC -> data 1.969681
2019.03.27, 02:21:44.0288 UTC -> data 0.472809
2019.03.27, 02:21:44.0339 UTC -> data 2.946381
2019.03.27, 02:21:44.0390 UTC -> data 1.215012
2019.03.27, 02:21:44.0439 UTC -> data 1.657379
2019.03.27, 02:21:44.0494 UTC -> data 1.782135
2019.03.27, 02:21:44.0545 UTC -> data 1.833435
2019.03.27, 02:21:44.0594 UTC -> data 1.738922
2019.03.27, 02:21:44.0645 UTC -> data 1.665985
2019.03.27, 02:21:44.0696 UTC -> data 2.876648
2019.03.27, 02:21:44.0750 UTC -> data 8.659164
2019.03.27, 02:21:44.0799 UTC -> data 5.224167
2019.03.27, 02:21:44.0851 UTC -> data 5.224243
2019.03.27, 02:21:44.0904 UTC -> data 3.529251
2019.03.27, 02:21:44.0952 UTC -> data 0.659760
2019.03.27, 02:21:45.0002 UTC -> data 3.456512
2019.03.27, 02:21:45.0054 UTC -> data 0.655228
2019.03.27, 02:21:45.0110 UTC -> data 1.738754
2019.03.27, 02:21:45.0155 UTC -> data 9.250885
2019.03.27, 02:21:45.0206 UTC -> data 0.029114
2019.03.27, 02:21:45.0258 UTC -> data 1.169479
2019.03.27, 02:21:45.0308 UTC -> data 1.154617
2019.03.27, 02:21:45.0359 UTC -> data 2.261963
2019.03.27, 02:21:45.0409 UTC -> data 2.294174
2019.03.27, 02:21:45.0461 UTC -> data 2.881775
2019.03.27, 02:21:45.0513 UTC -> data 2.888535
2019.03.27, 02:21:45.0563 UTC -> data 6.350037
2019.03.27, 02:21:45.0615 UTC -> data 0.659760
2019.03.27, 02:21:45.0665 UTC -> data 5.825241
2019.03.27, 02:21:45.0716 UTC -> data 0.460938
2019.03.27, 02:21:45.0766 UTC -> data 3.538452
2019.03.27, 02:21:45.0817 UTC -> data 0.000000
2019.03.27, 02:21:45.0869 UTC -> data 2.313522
2019.03.27, 02:21:45.0921 UTC -> data 0.677933
2019.03.27, 02:21:45.0971 UTC -> data 1.047318
2019.03.27, 02:21:46.0022 UTC -> data 2.224823
2019.03.27, 02:21:46.0076 UTC -> data 2.913162
2019.03.27, 02:21:46.0126 UTC -> data 0.420853
2019.03.27, 02:21:46.0174 UTC -> data 3.507156
2019.03.27, 02:21:46.0226 UTC -> data 1.303925
2019.03.27, 02:21:46.0277 UTC -> data 1.291031
2019.03.27, 02:21:46.0330 UTC -> data 2.246658
2019.03.27, 02:21:46.0378 UTC -> data 6.942429
2019.03.27, 02:21:46.0430 UTC -> data 1.865112
2019.03.27, 02:21:46.0482 UTC -> data 3.963806
2019.03.27, 02:21:46.0532 UTC -> data 5.283356
2019.03.27, 02:21:46.0582 UTC -> data 4.035049
2019.03.27, 02:21:46.0635 UTC -> data 4.001480
2019.03.27, 02:21:46.0686 UTC -> data 1.188660
2019.03.27, 02:21:46.0735 UTC -> data 5.068665
2019.03.27, 02:21:46.0788 UTC -> data 1.731659
2019.03.27, 02:21:46.0839 UTC -> data 5.772751
2019.03.27, 02:21:46.0890 UTC -> data 1.731659
2019.03.27, 02:21:46.0940 UTC -> data 2.294220
2019.03.27, 02:21:46.0993 UTC -> data 0.674240
2019.03.27, 02:21:47.0043 UTC -> data 1.103195
2019.03.27, 02:21:47.0094 UTC -> data 1.753601
2019.03.27, 02:21:47.0144 UTC -> data 0.574936
2019.03.27, 02:21:47.0197 UTC -> data 4.623520
2019.03.27, 02:21:47.0248 UTC -> data 0.499390
2019.03.27, 02:21:47.0299 UTC -> data 0.476089
2019.03.27, 02:21:47.0349 UTC -> data 1.761139
2019.03.27, 02:21:47.0401 UTC -> data 2.696564
2019.03.27, 02:21:47.0450 UTC -> data 2.979416
2019.03.27, 02:21:47.0501 UTC -> data 4.077606
2019.03.27, 02:21:47.0551 UTC -> data 0.547867
2019.03.27, 02:21:47.0603 UTC -> data 0.029449
2019.03.27, 02:21:47.0654 UTC -> data 1.059250
2019.03.27, 02:21:47.0707 UTC -> data 1.575928
2019.03.27, 02:21:47.0756 UTC -> data 6.329376
2019.03.27, 02:21:47.0808 UTC -> data 2.253311
2019.03.27, 02:21:47.0859 UTC -> data 2.921356
2019.03.27, 02:21:47.0908 UTC -> data 1.848419
2019.03.27, 02:21:47.0961 UTC -> data 0.014481
2019.03.27, 02:21:48.0011 UTC -> data 4.571030
2019.03.27, 02:21:48.0063 UTC -> data 2.866440
2019.03.27, 02:21:48.0112 UTC -> data 1.876205
2019.03.27, 02:21:48.0164 UTC -> data 0.587402
2019.03.27, 02:21:48.0215 UTC -> data 1.753876
2019.03.27, 02:21:48.0267 UTC -> data 4.161545
2019.03.27, 02:21:48.0397 UTC -> data 1.088638
2019.03.27, 02:21:48.0402 UTC -> data 4.702225
2019.03.27, 02:21:48.0419 UTC -> data 0.000000
2019.03.27, 02:21:48.0470 UTC -> data 2.922470
2019.03.27, 02:21:48.0520 UTC -> data 2.895416
2019.03.27, 02:21:48.0572 UTC -> data 5.224869
2019.03.27, 02:21:48.0624 UTC -> data 1.186508
2019.03.27, 02:21:48.0675 UTC -> data 1.202652
2019.03.27, 02:21:48.0726 UTC -> data 2.884262
2019.03.27, 02:21:48.0778 UTC -> data 0.691788
2019.03.27, 02:21:48.0828 UTC -> data 1.307556
2019.03.27, 02:21:48.0877 UTC -> data 4.577667
2019.03.27, 02:21:48.0929 UTC -> data 4.038162
2019.03.27, 02:21:48.0979 UTC -> data 0.488922
2019.03.27, 02:21:49.0033 UTC -> data 5.772736
2019.03.27, 02:21:49.0082 UTC -> data 1.134949
2019.03.27, 02:21:49.0134 UTC -> data 4.480621
2019.03.27, 02:21:49.0186 UTC -> data 0.393188
2019.03.27, 02:21:49.0235 UTC -> data 0.527359
2019.03.27, 02:21:49.0285 UTC -> data 1.753601
2019.03.27, 02:21:49.0337 UTC -> data 1.117752
2019.03.27, 02:21:49.0389 UTC -> data 0.036377
2019.03.27, 02:21:49.0438 UTC -> data 3.522354
2019.03.27, 02:21:49.0490 UTC -> data 0.452377
2019.03.27, 02:21:49.0544 UTC -> data 0.000000
2019.03.27, 02:21:49.0596 UTC -> data 4.006866
2019.03.27, 02:21:49.0643 UTC -> data 6.330490
2019.03.27, 02:21:49.0697 UTC -> data 3.448898
2019.03.27, 02:21:49.0750 UTC -> data 0.673904
2019.03.27, 02:21:49.0797 UTC -> data 1.113449
2019.03.27, 02:21:49.0850 UTC -> data 2.365250
2019.03.27, 02:21:49.0897 UTC -> data 0.572342
2019.03.27, 02:21:49.0948 UTC -> data 1.716187
2019.03.27, 02:21:50.0001 UTC -> data 2.786636
2019.03.27, 02:21:50.0050 UTC -> data 0.567474
2019.03.27, 02:21:50.0104 UTC -> data 2.294220
2019.03.27, 02:21:50.0155 UTC -> data 0.103088
2019.03.27, 02:21:50.0204 UTC -> data 2.958542
2019.03.27, 02:21:50.0255 UTC -> data 7.473923
2019.03.27, 02:21:50.0309 UTC -> data 0.577286
2019.03.27, 02:21:50.0357 UTC -> data 2.348083
2019.03.27, 02:21:50.0407 UTC -> data 0.569595
2019.03.27, 02:21:50.0460 UTC -> data 0.957443
2019.03.27, 02:21:50.0511 UTC -> data 0.652283
2019.03.27, 02:21:50.0563 UTC -> data 1.753601
2019.03.27, 02:21:50.0612 UTC -> data 0.550888
2019.03.27, 02:21:50.0664 UTC -> data 5.195297
2019.03.27, 02:21:50.0714 UTC -> data 1.193771
2019.03.27, 02:21:50.0766 UTC -> data 0.553162
2019.03.27, 02:21:50.0815 UTC -> data 2.852005
2019.03.27, 02:21:50.0866 UTC -> data 2.776627
2019.03.27, 02:21:50.0920 UTC -> data 5.275223
2019.03.27, 02:21:50.0971 UTC -> data 1.694000
2019.03.27, 02:21:51.0021 UTC -> data 0.086578
2019.03.27, 02:21:51.0073 UTC -> data 1.650574
2019.03.27, 02:21:51.0122 UTC -> data 4.429550
2019.03.27, 02:21:51.0174 UTC -> data 0.528580
2019.03.27, 02:21:51.0223 UTC -> data 3.470306
2019.03.27, 02:21:51.0276 UTC -> data 2.979233
2019.03.27, 02:21:51.0325 UTC -> data 0.014877
2019.03.27, 02:21:51.0379 UTC -> data 2.463257
2019.03.27, 02:21:51.0429 UTC -> data 1.269135
2019.03.27, 02:21:51.0483 UTC -> data 8.066376
2019.03.27, 02:21:51.0533 UTC -> data 2.265701
2019.03.27, 02:21:51.0586 UTC -> data 2.871307
2019.03.27, 02:21:51.0631 UTC -> data 0.611801
2019.03.27, 02:21:51.0684 UTC -> data 1.278336
2019.03.27, 02:21:51.0738 UTC -> data 0.007462
2019.03.27, 02:21:51.0787 UTC -> data 2.102066
2019.03.27, 02:21:51.0837 UTC -> data 5.282990
2019.03.27, 02:21:51.0889 UTC -> data 1.634613
2019.03.27, 02:21:51.0939 UTC -> data 0.599579
2019.03.27, 02:21:51.0991 UTC -> data 1.154419
2019.03.27, 02:21:52.0039 UTC -> data 3.897186
2019.03.27, 02:21:52.0092 UTC -> data 0.673904
2019.03.27, 02:21:52.0144 UTC -> data 1.251221
2019.03.27, 02:21:52.0192 UTC -> data 2.198608
2019.03.27, 02:21:52.0245 UTC -> data 1.049164
2019.03.27, 02:21:52.0296 UTC -> data 0.014679
2019.03.27, 02:21:52.0346 UTC -> data 6.377197
2019.03.27, 02:21:52.0397 UTC -> data 1.073685
2019.03.27, 02:21:52.0448 UTC -> data 2.950012
2019.03.27, 02:21:52.0505 UTC -> data 1.222321
2019.03.27, 02:21:52.0549 UTC -> data 0.176773
2019.03.27, 02:21:52.0601 UTC -> data 2.816940
2019.03.27, 02:21:52.0652 UTC -> data 3.410965
2019.03.27, 02:21:52.0712 UTC -> data 5.797729
2019.03.27, 02:21:52.0754 UTC -> data 3.433060
2019.03.27, 02:21:52.0806 UTC -> data 5.820328
2019.03.27, 02:21:52.0856 UTC -> data 1.124939
2019.03.27, 02:21:52.0919 UTC -> data 0.577316
2019.03.27, 02:21:52.0959 UTC -> data 0.007248
2019.03.27, 02:21:53.0008 UTC -> data 1.717346
2019.03.27, 02:21:53.0060 UTC -> data 0.372711
2019.03.27, 02:21:53.0113 UTC -> data 4.115051
